[06-Nov-2017 15:01:58 UTC] do parse request filter
[06-Nov-2017 15:01:58 UTC] /some/path/to/page
[06-Nov-2017 15:01:58 UTC] dont parse request
[06-Nov-2017 15:01:59 UTC] do parse request filter
[06-Nov-2017 15:01:59 UTC] /some/path/to/page/
[06-Nov-2017 15:01:59 UTC] dont parse request
[06-Nov-2017 15:02:01 UTC] do parse request filter
[06-Nov-2017 15:02:01 UTC] /wp-json/wp/v2/pages?parent=0
[06-Nov-2017 15:02:01 UTC] do parse request
[06-Nov-2017 15:03:38 UTC] /wp-json/acf/v3/recommendation?per_page=200
[06-Nov-2017 15:03:38 UTC] do parse request
[06-Nov-2017 15:03:52 UTC] /wp-json/acf/v3/recommendation?per_page=200
[06-Nov-2017 15:03:52 UTC] do parse request
[06-Nov-2017 15:08:13 UTC] PHP Parse error:  syntax error, unexpected 'if' (T_IF) in C:\Work\beis-dceas\wordpress\wp-content\themes\angular-theme\functions\configure-wp-routing.php on line 10
[06-Nov-2017 15:10:14 UTC] PHP Parse error:  syntax error, unexpected '{', expecting '(' in C:\Work\beis-dceas\wordpress\wp-content\themes\angular-theme\functions\configure-wp-routing.php on line 8
[06-Nov-2017 15:12:15 UTC] PHP Parse error:  syntax error, unexpected '{', expecting '(' in C:\Work\beis-dceas\wordpress\wp-content\themes\angular-theme\functions\configure-wp-routing.php on line 8
[06-Nov-2017 15:14:16 UTC] PHP Parse error:  syntax error, unexpected '{', expecting '(' in C:\Work\beis-dceas\wordpress\wp-content\themes\angular-theme\functions\configure-wp-routing.php on line 8
[06-Nov-2017 15:16:17 UTC] PHP Parse error:  syntax error, unexpected '{', expecting '(' in C:\Work\beis-dceas\wordpress\wp-content\themes\angular-theme\functions\configure-wp-routing.php on line 8
[06-Nov-2017 15:18:18 UTC] PHP Parse error:  syntax error, unexpected '{', expecting '(' in C:\Work\beis-dceas\wordpress\wp-content\themes\angular-theme\functions\configure-wp-routing.php on line 8
[06-Nov-2017 15:20:19 UTC] PHP Parse error:  syntax error, unexpected '{', expecting '(' in C:\Work\beis-dceas\wordpress\wp-content\themes\angular-theme\functions\configure-wp-routing.php on line 8
[06-Nov-2017 15:22:20 UTC] PHP Parse error:  syntax error, unexpected '{', expecting '(' in C:\Work\beis-dceas\wordpress\wp-content\themes\angular-theme\functions\configure-wp-routing.php on line 8
[06-Nov-2017 15:24:21 UTC] PHP Parse error:  syntax error, unexpected '{', expecting '(' in C:\Work\beis-dceas\wordpress\wp-content\themes\angular-theme\functions\configure-wp-routing.php on line 8
[06-Nov-2017 15:26:22 UTC] PHP Parse error:  syntax error, unexpected '{', expecting '(' in C:\Work\beis-dceas\wordpress\wp-content\themes\angular-theme\functions\configure-wp-routing.php on line 8
[06-Nov-2017 15:28:23 UTC] PHP Parse error:  syntax error, unexpected '{', expecting '(' in C:\Work\beis-dceas\wordpress\wp-content\themes\angular-theme\functions\configure-wp-routing.php on line 8
[06-Nov-2017 15:30:24 UTC] PHP Parse error:  syntax error, unexpected '{', expecting '(' in C:\Work\beis-dceas\wordpress\wp-content\themes\angular-theme\functions\configure-wp-routing.php on line 8
[06-Nov-2017 15:32:25 UTC] PHP Parse error:  syntax error, unexpected '{', expecting '(' in C:\Work\beis-dceas\wordpress\wp-content\themes\angular-theme\functions\configure-wp-routing.php on line 8
[06-Nov-2017 15:34:26 UTC] PHP Parse error:  syntax error, unexpected '{', expecting '(' in C:\Work\beis-dceas\wordpress\wp-content\themes\angular-theme\functions\configure-wp-routing.php on line 8
[06-Nov-2017 15:36:27 UTC] PHP Parse error:  syntax error, unexpected '{', expecting '(' in C:\Work\beis-dceas\wordpress\wp-content\themes\angular-theme\functions\configure-wp-routing.php on line 8
[06-Nov-2017 15:38:28 UTC] PHP Parse error:  syntax error, unexpected '{', expecting '(' in C:\Work\beis-dceas\wordpress\wp-content\themes\angular-theme\functions\configure-wp-routing.php on line 8
[06-Nov-2017 15:40:29 UTC] PHP Parse error:  syntax error, unexpected '{', expecting '(' in C:\Work\beis-dceas\wordpress\wp-content\themes\angular-theme\functions\configure-wp-routing.php on line 8
[06-Nov-2017 15:42:30 UTC] PHP Parse error:  syntax error, unexpected '{', expecting '(' in C:\Work\beis-dceas\wordpress\wp-content\themes\angular-theme\functions\configure-wp-routing.php on line 8
[06-Nov-2017 15:44:31 UTC] PHP Parse error:  syntax error, unexpected '{', expecting '(' in C:\Work\beis-dceas\wordpress\wp-content\themes\angular-theme\functions\configure-wp-routing.php on line 8
[06-Nov-2017 15:46:32 UTC] PHP Parse error:  syntax error, unexpected '{', expecting '(' in C:\Work\beis-dceas\wordpress\wp-content\themes\angular-theme\functions\configure-wp-routing.php on line 8
[06-Nov-2017 15:48:33 UTC] PHP Parse error:  syntax error, unexpected '{', expecting '(' in C:\Work\beis-dceas\wordpress\wp-content\themes\angular-theme\functions\configure-wp-routing.php on line 8
[06-Nov-2017 15:50:34 UTC] PHP Parse error:  syntax error, unexpected '{', expecting '(' in C:\Work\beis-dceas\wordpress\wp-content\themes\angular-theme\functions\configure-wp-routing.php on line 8
[06-Nov-2017 15:52:35 UTC] PHP Parse error:  syntax error, unexpected '{', expecting '(' in C:\Work\beis-dceas\wordpress\wp-content\themes\angular-theme\functions\configure-wp-routing.php on line 8
[06-Nov-2017 15:54:36 UTC] PHP Parse error:  syntax error, unexpected '{', expecting '(' in C:\Work\beis-dceas\wordpress\wp-content\themes\angular-theme\functions\configure-wp-routing.php on line 8
[06-Nov-2017 15:56:37 UTC] PHP Parse error:  syntax error, unexpected '{', expecting '(' in C:\Work\beis-dceas\wordpress\wp-content\themes\angular-theme\functions\configure-wp-routing.php on line 8
[06-Nov-2017 15:58:38 UTC] PHP Parse error:  syntax error, unexpected '{', expecting '(' in C:\Work\beis-dceas\wordpress\wp-content\themes\angular-theme\functions\configure-wp-routing.php on line 8
[06-Nov-2017 16:00:39 UTC] PHP Parse error:  syntax error, unexpected '{', expecting '(' in C:\Work\beis-dceas\wordpress\wp-content\themes\angular-theme\functions\configure-wp-routing.php on line 8
[06-Nov-2017 16:02:40 UTC] PHP Parse error:  syntax error, unexpected '{', expecting '(' in C:\Work\beis-dceas\wordpress\wp-content\themes\angular-theme\functions\configure-wp-routing.php on line 8
[06-Nov-2017 16:04:41 UTC] PHP Parse error:  syntax error, unexpected '{', expecting '(' in C:\Work\beis-dceas\wordpress\wp-content\themes\angular-theme\functions\configure-wp-routing.php on line 8
[06-Nov-2017 16:06:42 UTC] PHP Parse error:  syntax error, unexpected '{', expecting '(' in C:\Work\beis-dceas\wordpress\wp-content\themes\angular-theme\functions\configure-wp-routing.php on line 8
[06-Nov-2017 16:08:43 UTC] PHP Parse error:  syntax error, unexpected '{', expecting '(' in C:\Work\beis-dceas\wordpress\wp-content\themes\angular-theme\functions\configure-wp-routing.php on line 8
[06-Nov-2017 16:10:44 UTC] PHP Parse error:  syntax error, unexpected '{', expecting '(' in C:\Work\beis-dceas\wordpress\wp-content\themes\angular-theme\functions\configure-wp-routing.php on line 8
[06-Nov-2017 16:12:45 UTC] PHP Parse error:  syntax error, unexpected '{', expecting '(' in C:\Work\beis-dceas\wordpress\wp-content\themes\angular-theme\functions\configure-wp-routing.php on line 8
[06-Nov-2017 16:14:46 UTC] PHP Parse error:  syntax error, unexpected '{', expecting '(' in C:\Work\beis-dceas\wordpress\wp-content\themes\angular-theme\functions\configure-wp-routing.php on line 8
[06-Nov-2017 16:16:47 UTC] PHP Parse error:  syntax error, unexpected '{', expecting '(' in C:\Work\beis-dceas\wordpress\wp-content\themes\angular-theme\functions\configure-wp-routing.php on line 8
[06-Nov-2017 16:18:48 UTC] PHP Parse error:  syntax error, unexpected '{', expecting '(' in C:\Work\beis-dceas\wordpress\wp-content\themes\angular-theme\functions\configure-wp-routing.php on line 8
[06-Nov-2017 16:20:49 UTC] PHP Parse error:  syntax error, unexpected '{', expecting '(' in C:\Work\beis-dceas\wordpress\wp-content\themes\angular-theme\functions\configure-wp-routing.php on line 8
[06-Nov-2017 16:22:50 UTC] PHP Parse error:  syntax error, unexpected '{', expecting '(' in C:\Work\beis-dceas\wordpress\wp-content\themes\angular-theme\functions\configure-wp-routing.php on line 8
[06-Nov-2017 16:24:51 UTC] PHP Parse error:  syntax error, unexpected '{', expecting '(' in C:\Work\beis-dceas\wordpress\wp-content\themes\angular-theme\functions\configure-wp-routing.php on line 8
[06-Nov-2017 16:26:52 UTC] PHP Parse error:  syntax error, unexpected '{', expecting '(' in C:\Work\beis-dceas\wordpress\wp-content\themes\angular-theme\functions\configure-wp-routing.php on line 8
[06-Nov-2017 16:28:53 UTC] PHP Parse error:  syntax error, unexpected '{', expecting '(' in C:\Work\beis-dceas\wordpress\wp-content\themes\angular-theme\functions\configure-wp-routing.php on line 8
[06-Nov-2017 16:30:54 UTC] PHP Parse error:  syntax error, unexpected '{', expecting '(' in C:\Work\beis-dceas\wordpress\wp-content\themes\angular-theme\functions\configure-wp-routing.php on line 8
[06-Nov-2017 16:32:55 UTC] PHP Parse error:  syntax error, unexpected '{', expecting '(' in C:\Work\beis-dceas\wordpress\wp-content\themes\angular-theme\functions\configure-wp-routing.php on line 8
[06-Nov-2017 16:34:56 UTC] PHP Parse error:  syntax error, unexpected '{', expecting '(' in C:\Work\beis-dceas\wordpress\wp-content\themes\angular-theme\functions\configure-wp-routing.php on line 8
[06-Nov-2017 16:36:57 UTC] PHP Parse error:  syntax error, unexpected '{', expecting '(' in C:\Work\beis-dceas\wordpress\wp-content\themes\angular-theme\functions\configure-wp-routing.php on line 8
[06-Nov-2017 16:38:58 UTC] PHP Parse error:  syntax error, unexpected '{', expecting '(' in C:\Work\beis-dceas\wordpress\wp-content\themes\angular-theme\functions\configure-wp-routing.php on line 8
[06-Nov-2017 16:40:59 UTC] PHP Parse error:  syntax error, unexpected '{', expecting '(' in C:\Work\beis-dceas\wordpress\wp-content\themes\angular-theme\functions\configure-wp-routing.php on line 8
[06-Nov-2017 16:43:00 UTC] PHP Parse error:  syntax error, unexpected '{', expecting '(' in C:\Work\beis-dceas\wordpress\wp-content\themes\angular-theme\functions\configure-wp-routing.php on line 8
[06-Nov-2017 16:45:01 UTC] PHP Parse error:  syntax error, unexpected '{', expecting '(' in C:\Work\beis-dceas\wordpress\wp-content\themes\angular-theme\functions\configure-wp-routing.php on line 8
[06-Nov-2017 16:47:02 UTC] PHP Parse error:  syntax error, unexpected '{', expecting '(' in C:\Work\beis-dceas\wordpress\wp-content\themes\angular-theme\functions\configure-wp-routing.php on line 8
[06-Nov-2017 16:49:03 UTC] PHP Parse error:  syntax error, unexpected '{', expecting '(' in C:\Work\beis-dceas\wordpress\wp-content\themes\angular-theme\functions\configure-wp-routing.php on line 8
[06-Nov-2017 16:51:04 UTC] PHP Parse error:  syntax error, unexpected '{', expecting '(' in C:\Work\beis-dceas\wordpress\wp-content\themes\angular-theme\functions\configure-wp-routing.php on line 8
[06-Nov-2017 16:53:05 UTC] PHP Parse error:  syntax error, unexpected '{', expecting '(' in C:\Work\beis-dceas\wordpress\wp-content\themes\angular-theme\functions\configure-wp-routing.php on line 8
[06-Nov-2017 16:55:06 UTC] PHP Parse error:  syntax error, unexpected '{', expecting '(' in C:\Work\beis-dceas\wordpress\wp-content\themes\angular-theme\functions\configure-wp-routing.php on line 8
[06-Nov-2017 16:57:07 UTC] PHP Parse error:  syntax error, unexpected '{', expecting '(' in C:\Work\beis-dceas\wordpress\wp-content\themes\angular-theme\functions\configure-wp-routing.php on line 8
[06-Nov-2017 16:59:07 UTC] PHP Parse error:  syntax error, unexpected '{', expecting '(' in C:\Work\beis-dceas\wordpress\wp-content\themes\angular-theme\functions\configure-wp-routing.php on line 8
[06-Nov-2017 17:01:08 UTC] PHP Parse error:  syntax error, unexpected '{', expecting '(' in C:\Work\beis-dceas\wordpress\wp-content\themes\angular-theme\functions\configure-wp-routing.php on line 8
[06-Nov-2017 17:03:09 UTC] PHP Parse error:  syntax error, unexpected '{', expecting '(' in C:\Work\beis-dceas\wordpress\wp-content\themes\angular-theme\functions\configure-wp-routing.php on line 8
[06-Nov-2017 17:05:10 UTC] PHP Parse error:  syntax error, unexpected '{', expecting '(' in C:\Work\beis-dceas\wordpress\wp-content\themes\angular-theme\functions\configure-wp-routing.php on line 8
[06-Nov-2017 17:07:11 UTC] PHP Parse error:  syntax error, unexpected '{', expecting '(' in C:\Work\beis-dceas\wordpress\wp-content\themes\angular-theme\functions\configure-wp-routing.php on line 8
